Using pre-set license
Built from '2020.3/staging' branch; Version is '2020.3.0f1 (c7b5465681fb) revision 13088070'; Using compiler version '192528614'; Build Type 'Release'
OS: 'Windows 10 Pro; OS build 19042.867; Version 2009; 64bit' Language: 'en' Physical Memory: 3977 MB
BatchMode: 1, IsHumanControllingUs: 0, StartBugReporterOnCrash: 0, Is64bit: 1, IsPro: 0

 COMMAND LINE ARGUMENTS:
C:\Program Files\Unity\Hub\Editor\2020.3.0f1\Editor\Unity.exe
-adb2
-batchMode
-noUpm
-name
AssetImportWorker1
-projectPath
D:/file penting/File Saya/Unity/Game Project/Pong
-logFile
Logs/AssetImportWorker1.log
-srvPort
50060
Successfully changed project path to: D:/file penting/File Saya/Unity/Game Project/Pong
D:/file penting/File Saya/Unity/Game Project/Pong
Using Asset Import Pipeline V2.
Refreshing native plugins compatible for Editor in 50.55 ms, found 1 plugins.
Preloading 0 native plugins for Editor in 0.00 ms.
Initialize engine version: 2020.3.0f1 (c7b5465681fb)
[Subsystems] Discovering subsystems at path C:/Program Files/Unity/Hub/Editor/2020.3.0f1/Editor/Data/Resources/UnitySubsystems
[Subsystems] Discovering subsystems at path D:/file penting/File Saya/Unity/Game Project/Pong/Assets
GfxDevice: creating device client; threaded=0
Direct3D:
    Version:  Direct3D 11.0 [level 11.0]
    Renderer: NVIDIA GeForce 930MX (ID=0x134e)
    Vendor:   
    VRAM:     2010 MB
    Driver:   27.21.14.5167
Initialize mono
Mono path[0] = 'C:/Program Files/Unity/Hub/Editor/2020.3.0f1/Editor/Data/Managed'
Mono path[1] = 'C:/Program Files/Unity/Hub/Editor/2020.3.0f1/Editor/Data/MonoBleedingEdge/lib/mono/unityjit'
Mono config path = 'C:/Program Files/Unity/Hub/Editor/2020.3.0f1/Editor/Data/MonoBleedingEdge/etc'
Using monoOptions --debugger-agent=transport=dt_socket,embedding=1,server=y,suspend=n,address=127.0.0.1:56344
Begin MonoManager ReloadAssembly
Registering precompiled unity dll's ...
Register platform support module: C:/Program Files/Unity/Hub/Editor/2020.3.0f1/Editor/Data/PlaybackEngines/WebGLSupport/UnityEditor.WebGL.Extensions.dll
Register platform support module: C:/Program Files/Unity/Hub/Editor/2020.3.0f1/Editor/Data/PlaybackEngines/WindowsStandaloneSupport/UnityEditor.WindowsStandalone.Extensions.dll
Registered in 0.004412 seconds.
Native extension for WindowsStandalone target not found
Native extension for WebGL target not found
Refreshing native plugins compatible for Editor in 41.44 ms, found 1 plugins.
Preloading 0 native plugins for Editor in 0.00 ms.
Invoked RoslynAnalysisRunner static constructor.
RoslynAnalysisRunner will not be running.
RoslynAnalysisRunner has terminated.
Mono: successfully reloaded assembly
- Completed reload, in  2.099 seconds
Platform modules already initialized, skipping
Registering precompiled user dll's ...
Registered in 0.000862 seconds.
Begin MonoManager ReloadAssembly
Native extension for WindowsStandalone target not found
Native extension for WebGL target not found
Refreshing native plugins compatible for Editor in 43.08 ms, found 1 plugins.
Preloading 0 native plugins for Editor in 0.00 ms.
Invoked RoslynAnalysisRunner static constructor.
RoslynAnalysisRunner will not be running.
RoslynAnalysisRunner has terminated.
Mono: successfully reloaded assembly
- Completed reload, in  1.929 seconds
Platform modules already initialized, skipping
========================================================================
Worker process is ready to serve import requests
Launched and connected shader compiler UnityShaderCompiler.exe after 0.26 seconds
Refreshing native plugins compatible for Editor in 0.58 ms, found 1 plugins.
Preloading 0 native plugins for Editor in 0.00 ms.
Unloading 1806 Unused Serialized files (Serialized files now loaded: 0)
System memory in use before: 84.6 MB.
System memory in use after: 84.5 MB.

Unloading 24 unused Assets to reduce memory usage. Loaded Objects now: 2248.
Total: 2.760000 ms (FindLiveObjects: 0.338100 ms CreateObjectMapping: 0.277000 ms MarkObjects: 1.961800 ms  DeleteObjects: 0.181000 ms)

========================================================================
Received Import Request.
  path: Assets/Scenes/Pong.unity
  artifactKey: Guid(2cda990e2423bbf4892e6590ba056729) Importer(815301076,1909f56bfc062723c751e8b465ee728b)
Start importing Assets/Scenes/Pong.unity using Guid(2cda990e2423bbf4892e6590ba056729) Importer(815301076,1909f56bfc062723c751e8b465ee728b)  -> (artifact id: 'c6dcb95b3b2878cb65143602eb214372') in 0.183032 seconds
  Import took 0.257715 seconds .

========================================================================
Received Import Request.
  Time since last request: 275.146818 seconds.
  path: Assets/racket.jpg
  artifactKey: Guid(d54b0a6231335f64380bbfd36e214382) Importer(815301076,1909f56bfc062723c751e8b465ee728b)
Start importing Assets/racket.jpg using Guid(d54b0a6231335f64380bbfd36e214382) Importer(815301076,1909f56bfc062723c751e8b465ee728b)  -> (artifact id: '0f6ee9b546352391af911e3a152858ab') in 0.390618 seconds
  Import took 0.424832 seconds .

========================================================================
Received Import Request.
  Time since last request: 283.819225 seconds.
  path: Assets
  artifactKey: Guid(00000000000000001000000000000000) Importer(815301076,1909f56bfc062723c751e8b465ee728b)
Start importing Assets using Guid(00000000000000001000000000000000) Importer(815301076,1909f56bfc062723c751e8b465ee728b)  -> (artifact id: '42baae205c97e3337697759514652acd') in 0.016916 seconds
  Import took 0.080951 seconds .

========================================================================
Received Import Request.
  Time since last request: 9.842416 seconds.
  path: Assets/PlayerControl.cs
  artifactKey: Guid(d1ec83da19cf39e43a6c2ca3c5f86393) Importer(815301076,1909f56bfc062723c751e8b465ee728b)
Start importing Assets/PlayerControl.cs using Guid(d1ec83da19cf39e43a6c2ca3c5f86393) Importer(815301076,1909f56bfc062723c751e8b465ee728b)  -> (artifact id: '4e775f3f539cb8a885f7d2d4b56be1fc') in 1.042514 seconds
  Import took 1.120532 seconds .

========================================================================
Received Prepare
Registering precompiled user dll's ...
Registered in 0.000837 seconds.
Begin MonoManager ReloadAssembly
Native extension for WindowsStandalone target not found
Native extension for WebGL target not found
Refreshing native plugins compatible for Editor in 0.37 ms, found 1 plugins.
Preloading 0 native plugins for Editor in 0.00 ms.
Invoked RoslynAnalysisRunner static constructor.
RoslynAnalysisRunner will not be running.
RoslynAnalysisRunner has terminated.
Mono: successfully reloaded assembly
- Completed reload, in  1.169 seconds
Platform modules already initialized, skipping
Refreshing native plugins compatible for Editor in 0.37 ms, found 1 plugins.
Preloading 0 native plugins for Editor in 0.00 ms.
Unloading 1802 Unused Serialized files (Serialized files now loaded: 0)
System memory in use before: 87.7 MB.
System memory in use after: 87.7 MB.

Unloading 12 unused Assets to reduce memory usage. Loaded Objects now: 2259.
Total: 2.430400 ms (FindLiveObjects: 0.352300 ms CreateObjectMapping: 0.163500 ms MarkObjects: 1.791900 ms  DeleteObjects: 0.120800 ms)

========================================================================
Received Prepare
Registering precompiled user dll's ...
Registered in 0.041033 seconds.
Begin MonoManager ReloadAssembly
Native extension for WindowsStandalone target not found
Native extension for WebGL target not found
Refreshing native plugins compatible for Editor in 0.44 ms, found 1 plugins.
Preloading 0 native plugins for Editor in 0.00 ms.
Invoked RoslynAnalysisRunner static constructor.
RoslynAnalysisRunner will not be running.
RoslynAnalysisRunner has terminated.
Mono: successfully reloaded assembly
- Completed reload, in  1.188 seconds
Platform modules already initialized, skipping
Refreshing native plugins compatible for Editor in 0.37 ms, found 1 plugins.
Preloading 0 native plugins for Editor in 0.00 ms.
Unloading 1802 Unused Serialized files (Serialized files now loaded: 0)
System memory in use before: 87.7 MB.
System memory in use after: 87.7 MB.

Unloading 12 unused Assets to reduce memory usage. Loaded Objects now: 2263.
Total: 6.134800 ms (FindLiveObjects: 2.650700 ms CreateObjectMapping: 0.193400 ms MarkObjects: 3.118800 ms  DeleteObjects: 0.169400 ms)

========================================================================
Received Import Request.
  Time since last request: 1850.772077 seconds.
  path: Assets/Player1.prefab
  artifactKey: Guid(515b273eb4db8924da5e165a7f066251) Importer(815301076,1909f56bfc062723c751e8b465ee728b)
Start importing Assets/Player1.prefab using Guid(515b273eb4db8924da5e165a7f066251) Importer(815301076,1909f56bfc062723c751e8b465ee728b)  -> (artifact id: 'f836eebf59866b01fceae494d6d760fc') in 0.414626 seconds
  Import took 0.436131 seconds .

========================================================================
Received Prepare
Registering precompiled user dll's ...
Registered in 0.001229 seconds.
Begin MonoManager ReloadAssembly
Native extension for WindowsStandalone target not found
Native extension for WebGL target not found
Refreshing native plugins compatible for Editor in 0.40 ms, found 1 plugins.
Preloading 0 native plugins for Editor in 0.00 ms.
Invoked RoslynAnalysisRunner static constructor.
RoslynAnalysisRunner will not be running.
RoslynAnalysisRunner has terminated.
Mono: successfully reloaded assembly
- Completed reload, in  1.087 seconds
Platform modules already initialized, skipping
Refreshing native plugins compatible for Editor in 0.36 ms, found 1 plugins.
Preloading 0 native plugins for Editor in 0.00 ms.
Unloading 1802 Unused Serialized files (Serialized files now loaded: 0)
System memory in use before: 87.8 MB.
System memory in use after: 87.8 MB.

Unloading 12 unused Assets to reduce memory usage. Loaded Objects now: 2272.
Total: 2.578200 ms (FindLiveObjects: 0.284700 ms CreateObjectMapping: 0.114800 ms MarkObjects: 2.035700 ms  DeleteObjects: 0.141100 ms)

========================================================================
Received Import Request.
  Time since last request: 424.674345 seconds.
  path: Assets/ball.jpg
  artifactKey: Guid(ba95603c781d79d49b468655d9c26c83) Importer(815301076,1909f56bfc062723c751e8b465ee728b)
Start importing Assets/ball.jpg using Guid(ba95603c781d79d49b468655d9c26c83) Importer(815301076,1909f56bfc062723c751e8b465ee728b)  -> (artifact id: '1aa892acde81d0c66257c68554962dc8') in 0.619700 seconds
  Import took 0.640461 seconds .

========================================================================
Received Import Request.
  Time since last request: 17.167516 seconds.
  path: Assets/ball.png
  artifactKey: Guid(7e9ba0d3d0e580940a8f9ba9c437282e) Importer(815301076,1909f56bfc062723c751e8b465ee728b)
Start importing Assets/ball.png using Guid(7e9ba0d3d0e580940a8f9ba9c437282e) Importer(815301076,1909f56bfc062723c751e8b465ee728b)  -> (artifact id: '5d7a58d18be6ec5ab04e90bcdc3aa940') in 0.156688 seconds
  Import took 0.178428 seconds .

========================================================================
Received Prepare
Registering precompiled user dll's ...
Registered in 0.034834 seconds.
Begin MonoManager ReloadAssembly
Native extension for WindowsStandalone target not found
Native extension for WebGL target not found
Refreshing native plugins compatible for Editor in 0.59 ms, found 1 plugins.
Preloading 0 native plugins for Editor in 0.00 ms.
Invoked RoslynAnalysisRunner static constructor.
RoslynAnalysisRunner will not be running.
RoslynAnalysisRunner has terminated.
Mono: successfully reloaded assembly
- Completed reload, in  1.237 seconds
Platform modules already initialized, skipping
Refreshing native plugins compatible for Editor in 0.70 ms, found 1 plugins.
Preloading 0 native plugins for Editor in 0.00 ms.
Unloading 1802 Unused Serialized files (Serialized files now loaded: 0)
System memory in use before: 87.8 MB.
System memory in use after: 87.8 MB.

Unloading 12 unused Assets to reduce memory usage. Loaded Objects now: 2278.
Total: 3.139000 ms (FindLiveObjects: 0.468600 ms CreateObjectMapping: 0.106000 ms MarkObjects: 2.419000 ms  DeleteObjects: 0.142800 ms)

========================================================================
Received Prepare
Registering precompiled user dll's ...
Registered in 0.001177 seconds.
Begin MonoManager ReloadAssembly
Native extension for WindowsStandalone target not found
Native extension for WebGL target not found
Refreshing native plugins compatible for Editor in 0.36 ms, found 1 plugins.
Preloading 0 native plugins for Editor in 0.00 ms.
Invoked RoslynAnalysisRunner static constructor.
RoslynAnalysisRunner will not be running.
RoslynAnalysisRunner has terminated.
Mono: successfully reloaded assembly
- Completed reload, in  1.149 seconds
Platform modules already initialized, skipping
Refreshing native plugins compatible for Editor in 0.40 ms, found 1 plugins.
Preloading 0 native plugins for Editor in 0.00 ms.
Unloading 1802 Unused Serialized files (Serialized files now loaded: 0)
System memory in use before: 87.8 MB.
System memory in use after: 87.8 MB.

Unloading 12 unused Assets to reduce memory usage. Loaded Objects now: 2282.
Total: 2.965000 ms (FindLiveObjects: 0.248800 ms CreateObjectMapping: 0.105800 ms MarkObjects: 2.485400 ms  DeleteObjects: 0.123200 ms)

========================================================================
Received Import Request.
  Time since last request: 348.467900 seconds.
  path: Assets/New Physic Material.physicMaterial
  artifactKey: Guid(feb1c47255d6a054c8822f81c7e4230d) Importer(815301076,1909f56bfc062723c751e8b465ee728b)
Start importing Assets/New Physic Material.physicMaterial using Guid(feb1c47255d6a054c8822f81c7e4230d) Importer(815301076,1909f56bfc062723c751e8b465ee728b)  -> (artifact id: '5ba06143f38608f3d206b8f55706bfcb') in 0.048606 seconds
  Import took 0.108712 seconds .

========================================================================
Received Import Request.
  Time since last request: 61.688575 seconds.
  path: Assets/Ball.physicMaterial
  artifactKey: Guid(feb1c47255d6a054c8822f81c7e4230d) Importer(815301076,1909f56bfc062723c751e8b465ee728b)
Start importing Assets/Ball.physicMaterial using Guid(feb1c47255d6a054c8822f81c7e4230d) Importer(815301076,1909f56bfc062723c751e8b465ee728b)  -> (artifact id: 'ab419917a4f55ee4695715849612ca10') in 0.017572 seconds
  Import took 0.027266 seconds .

========================================================================
Received Import Request.
  Time since last request: 18.192985 seconds.
  path: Assets/BallPhysicMaterial2d.physicMaterial
  artifactKey: Guid(feb1c47255d6a054c8822f81c7e4230d) Importer(815301076,1909f56bfc062723c751e8b465ee728b)
Start importing Assets/BallPhysicMaterial2d.physicMaterial using Guid(feb1c47255d6a054c8822f81c7e4230d) Importer(815301076,1909f56bfc062723c751e8b465ee728b)  -> (artifact id: '66ab424404059d284245fe5d4b668171') in 0.068316 seconds
  Import took 0.072787 seconds .

========================================================================
Received Import Request.
  Time since last request: 11.677759 seconds.
  path: Assets/BallPhysicsMaterial2D.physicMaterial
  artifactKey: Guid(feb1c47255d6a054c8822f81c7e4230d) Importer(815301076,1909f56bfc062723c751e8b465ee728b)
Start importing Assets/BallPhysicsMaterial2D.physicMaterial using Guid(feb1c47255d6a054c8822f81c7e4230d) Importer(815301076,1909f56bfc062723c751e8b465ee728b)  -> (artifact id: 'f1b5473af246694a5cb5ff70fbe47c4f') in 0.016671 seconds
  Import took 0.021889 seconds .

========================================================================
Received Import Request.
  Time since last request: 73.769681 seconds.
  path: Assets/New Physics Material 2D.physicsMaterial2D
  artifactKey: Guid(b3d2b586fd3cbd34ea8b98c517a50967) Importer(815301076,1909f56bfc062723c751e8b465ee728b)
Start importing Assets/New Physics Material 2D.physicsMaterial2D using Guid(b3d2b586fd3cbd34ea8b98c517a50967) Importer(815301076,1909f56bfc062723c751e8b465ee728b)  -> (artifact id: 'eafd217b24b8cb47ada8c79356608952') in 0.020162 seconds
  Import took 0.027000 seconds .

========================================================================
Received Import Request.
  Time since last request: 17.126997 seconds.
  path: Assets/BallPhysicsMaterial2D.physicsMaterial2D
  artifactKey: Guid(b3d2b586fd3cbd34ea8b98c517a50967) Importer(815301076,1909f56bfc062723c751e8b465ee728b)
Start importing Assets/BallPhysicsMaterial2D.physicsMaterial2D using Guid(b3d2b586fd3cbd34ea8b98c517a50967) Importer(815301076,1909f56bfc062723c751e8b465ee728b)  -> (artifact id: '63c1c0bbb18d0fc55ecca1cf7edee5ad') in 0.007043 seconds
  Import took 0.013217 seconds .

========================================================================
Received Import Request.
  Time since last request: 31.633132 seconds.
  path: Assets/BallControl.cs
  artifactKey: Guid(bb3b0ab79238fea40b8695fd46f5235e) Importer(815301076,1909f56bfc062723c751e8b465ee728b)
Start importing Assets/BallControl.cs using Guid(bb3b0ab79238fea40b8695fd46f5235e) Importer(815301076,1909f56bfc062723c751e8b465ee728b)  -> (artifact id: 'c6d1765c04291a94200401f1c1ab0b0b') in 0.011019 seconds
  Import took 0.167175 seconds .

========================================================================
Received Prepare
Registering precompiled user dll's ...
Registered in 0.000835 seconds.
Begin MonoManager ReloadAssembly
Native extension for WindowsStandalone target not found
Native extension for WebGL target not found
Refreshing native plugins compatible for Editor in 0.38 ms, found 1 plugins.
Preloading 0 native plugins for Editor in 0.00 ms.
Invoked RoslynAnalysisRunner static constructor.
RoslynAnalysisRunner will not be running.
RoslynAnalysisRunner has terminated.
Mono: successfully reloaded assembly
- Completed reload, in  1.110 seconds
Platform modules already initialized, skipping
Refreshing native plugins compatible for Editor in 0.37 ms, found 1 plugins.
Preloading 0 native plugins for Editor in 0.00 ms.
Unloading 1803 Unused Serialized files (Serialized files now loaded: 0)
System memory in use before: 87.9 MB.
System memory in use after: 87.9 MB.

Unloading 12 unused Assets to reduce memory usage. Loaded Objects now: 2287.
Total: 4.139300 ms (FindLiveObjects: 0.541600 ms CreateObjectMapping: 0.147000 ms MarkObjects: 3.285400 ms  DeleteObjects: 0.162900 ms)

========================================================================
Received Prepare
Registering precompiled user dll's ...
Registered in 0.025213 seconds.
Begin MonoManager ReloadAssembly
Native extension for WindowsStandalone target not found
Native extension for WebGL target not found
Refreshing native plugins compatible for Editor in 0.36 ms, found 1 plugins.
Preloading 0 native plugins for Editor in 0.00 ms.
Invoked RoslynAnalysisRunner static constructor.
RoslynAnalysisRunner will not be running.
RoslynAnalysisRunner has terminated.
Mono: successfully reloaded assembly
- Completed reload, in  1.210 seconds
Platform modules already initialized, skipping
Refreshing native plugins compatible for Editor in 0.39 ms, found 1 plugins.
Preloading 0 native plugins for Editor in 0.00 ms.
Unloading 1803 Unused Serialized files (Serialized files now loaded: 0)
System memory in use before: 87.9 MB.
System memory in use after: 87.9 MB.

Unloading 12 unused Assets to reduce memory usage. Loaded Objects now: 2291.
Total: 5.894900 ms (FindLiveObjects: 0.601700 ms CreateObjectMapping: 0.163800 ms MarkObjects: 4.994600 ms  DeleteObjects: 0.131800 ms)

========================================================================
Received Import Request.
  Time since last request: 820.997774 seconds.
  path: Assets/BallPhysicsMaterial2D.physicsMaterial2D
  artifactKey: Guid(b3d2b586fd3cbd34ea8b98c517a50967) Importer(815301076,1909f56bfc062723c751e8b465ee728b)
Start importing Assets/BallPhysicsMaterial2D.physicsMaterial2D using Guid(b3d2b586fd3cbd34ea8b98c517a50967) Importer(815301076,1909f56bfc062723c751e8b465ee728b)  -> (artifact id: '4773478678009a0079faa75752a020c1') in 0.022033 seconds
  Import took 0.027992 seconds .

========================================================================
Received Prepare
Registering precompiled user dll's ...
Registered in 0.000839 seconds.
Begin MonoManager ReloadAssembly
Native extension for WindowsStandalone target not found
Native extension for WebGL target not found
Refreshing native plugins compatible for Editor in 0.40 ms, found 1 plugins.
Preloading 0 native plugins for Editor in 0.00 ms.
Invoked RoslynAnalysisRunner static constructor.
RoslynAnalysisRunner will not be running.
RoslynAnalysisRunner has terminated.
Mono: successfully reloaded assembly
- Completed reload, in  1.185 seconds
Platform modules already initialized, skipping
Refreshing native plugins compatible for Editor in 0.40 ms, found 1 plugins.
Preloading 0 native plugins for Editor in 0.00 ms.
Unloading 1803 Unused Serialized files (Serialized files now loaded: 0)
System memory in use before: 87.9 MB.
System memory in use after: 87.9 MB.

Unloading 12 unused Assets to reduce memory usage. Loaded Objects now: 2295.
Total: 2.669700 ms (FindLiveObjects: 0.391300 ms CreateObjectMapping: 0.187500 ms MarkObjects: 1.955900 ms  DeleteObjects: 0.133300 ms)

========================================================================
Received Prepare
Registering precompiled user dll's ...
Registered in 0.000952 seconds.
Begin MonoManager ReloadAssembly
Native extension for WindowsStandalone target not found
Native extension for WebGL target not found
Refreshing native plugins compatible for Editor in 0.37 ms, found 1 plugins.
Preloading 0 native plugins for Editor in 0.00 ms.
Invoked RoslynAnalysisRunner static constructor.
RoslynAnalysisRunner will not be running.
RoslynAnalysisRunner has terminated.
Mono: successfully reloaded assembly
- Completed reload, in  1.138 seconds
Platform modules already initialized, skipping
Refreshing native plugins compatible for Editor in 0.39 ms, found 1 plugins.
Preloading 0 native plugins for Editor in 0.00 ms.
Unloading 1803 Unused Serialized files (Serialized files now loaded: 0)
System memory in use before: 87.9 MB.
System memory in use after: 87.9 MB.

Unloading 12 unused Assets to reduce memory usage. Loaded Objects now: 2299.
Total: 2.656200 ms (FindLiveObjects: 0.233400 ms CreateObjectMapping: 0.100500 ms MarkObjects: 2.184100 ms  DeleteObjects: 0.136500 ms)

========================================================================
Received Prepare
Registering precompiled user dll's ...
Registered in 0.002183 seconds.
Begin MonoManager ReloadAssembly
Native extension for WindowsStandalone target not found
Native extension for WebGL target not found
Refreshing native plugins compatible for Editor in 0.37 ms, found 1 plugins.
Preloading 0 native plugins for Editor in 0.00 ms.
Invoked RoslynAnalysisRunner static constructor.
RoslynAnalysisRunner will not be running.
RoslynAnalysisRunner has terminated.
Mono: successfully reloaded assembly
- Completed reload, in  1.190 seconds
Platform modules already initialized, skipping
Refreshing native plugins compatible for Editor in 0.36 ms, found 1 plugins.
Preloading 0 native plugins for Editor in 0.00 ms.
Unloading 1803 Unused Serialized files (Serialized files now loaded: 0)
System memory in use before: 87.9 MB.
System memory in use after: 87.9 MB.

Unloading 12 unused Assets to reduce memory usage. Loaded Objects now: 2303.
Total: 2.786200 ms (FindLiveObjects: 0.325800 ms CreateObjectMapping: 0.131500 ms MarkObjects: 2.201400 ms  DeleteObjects: 0.125700 ms)

========================================================================
Received Prepare
Registering precompiled user dll's ...
Registered in 0.000888 seconds.
Begin MonoManager ReloadAssembly
Native extension for WindowsStandalone target not found
Native extension for WebGL target not found
Refreshing native plugins compatible for Editor in 0.54 ms, found 1 plugins.
Preloading 0 native plugins for Editor in 0.00 ms.
Invoked RoslynAnalysisRunner static constructor.
RoslynAnalysisRunner will not be running.
RoslynAnalysisRunner has terminated.
Mono: successfully reloaded assembly
- Completed reload, in  1.155 seconds
Platform modules already initialized, skipping
Refreshing native plugins compatible for Editor in 0.41 ms, found 1 plugins.
Preloading 0 native plugins for Editor in 0.00 ms.
Unloading 1803 Unused Serialized files (Serialized files now loaded: 0)
System memory in use before: 87.9 MB.
System memory in use after: 87.9 MB.

Unloading 12 unused Assets to reduce memory usage. Loaded Objects now: 2307.
Total: 2.501100 ms (FindLiveObjects: 0.219000 ms CreateObjectMapping: 0.078100 ms MarkObjects: 2.029000 ms  DeleteObjects: 0.173100 ms)

AssetImportWorkerClient::OnTransportError - code=2 error=End of file
